<?xml version="1.0" encoding="UTF-8"?>
<testng-results total="3" passed="3" failed="0" skipped="0">
  <reporter-output>
  </reporter-output>
  <suite started-at="2022-10-20T15:15:51Z" name="Surefire suite" finished-at="2022-10-20T15:17:04Z" duration-ms="72930">
    <groups>
    </groups>
    <test started-at="2022-10-20T15:15:51Z" name="Surefire test" finished-at="2022-10-20T15:17:04Z" duration-ms="72930">
      <class name="caseStudy.First_CS">
        <test-method is-config="true" signature="start()[pri:0, instance:caseStudy.First_CS@17695df3]" started-at="2022-10-20T20:45:51Z" name="start" finished-at="2022-10-20T20:46:25Z" duration-ms="33851" status="PASS">
          <reporter-output>
          </reporter-output>
        </test-method> <!-- start -->
        <test-method signature="mac()[pri:0, instance:caseStudy.First_CS@17695df3]" started-at="2022-10-20T20:46:25Z" name="mac" finished-at="2022-10-20T20:46:37Z" duration-ms="11679" status="PASS">
          <reporter-output>
          </reporter-output>
        </test-method> <!-- mac -->
        <test-method signature="mac1()[pri:0, instance:caseStudy.First_CS@17695df3]" started-at="2022-10-20T20:46:37Z" name="mac1" finished-at="2022-10-20T20:46:42Z" duration-ms="4539" status="PASS">
          <reporter-output>
          </reporter-output>
        </test-method> <!-- mac1 -->
        <test-method signature="mac2()[pri:0, instance:caseStudy.First_CS@17695df3]" started-at="2022-10-20T20:46:42Z" name="mac2" finished-at="2022-10-20T20:46:52Z" duration-ms="10267" status="PASS">
          <reporter-output>
          </reporter-output>
        </test-method> <!-- mac2 -->
        <test-method is-config="true" signature="stop()[pri:0, instance:caseStudy.First_CS@17695df3]" started-at="2022-10-20T20:46:52Z" name="stop" finished-at="2022-10-20T20:47:04Z" duration-ms="12536" status="PASS">
          <reporter-output>
          </reporter-output>
        </test-method> <!-- stop -->
      </class> <!-- caseStudy.First_CS -->
    </test> <!-- Surefire test -->
  </suite> <!-- Surefire suite -->
</testng-results>
