<?xml version="1.0" encoding="UTF-8"?>
<testng-results total="3" passed="3" failed="0" skipped="0">
  <reporter-output>
  </reporter-output>
  <suite started-at="2022-10-21T02:17:36Z" name="Default suite" finished-at="2022-10-21T02:18:55Z" duration-ms="78777">
    <groups>
    </groups>
    <test started-at="2022-10-21T02:17:36Z" name="Default test" finished-at="2022-10-21T02:18:55Z" duration-ms="78777">
      <class name="caseStudy.First_CS">
        <test-method is-config="true" signature="start()[pri:0, instance:caseStudy.First_CS@7fcf2fc1]" started-at="2022-10-21T07:47:36Z" name="start" finished-at="2022-10-21T07:48:16Z" duration-ms="39759" status="PASS">
          <reporter-output>
          </reporter-output>
        </test-method> <!-- start -->
        <test-method signature="mac()[pri:0, instance:caseStudy.First_CS@7fcf2fc1]" started-at="2022-10-21T07:48:16Z" name="mac" finished-at="2022-10-21T07:48:27Z" duration-ms="11584" status="PASS">
          <reporter-output>
          </reporter-output>
        </test-method> <!-- mac -->
        <test-method signature="mac1()[pri:0, instance:caseStudy.First_CS@7fcf2fc1]" started-at="2022-10-21T07:48:27Z" name="mac1" finished-at="2022-10-21T07:48:30Z" duration-ms="2658" status="PASS">
          <reporter-output>
          </reporter-output>
        </test-method> <!-- mac1 -->
        <test-method signature="mac2()[pri:0, instance:caseStudy.First_CS@7fcf2fc1]" started-at="2022-10-21T07:48:30Z" name="mac2" finished-at="2022-10-21T07:48:40Z" duration-ms="10237" status="PASS">
          <reporter-output>
          </reporter-output>
        </test-method> <!-- mac2 -->
        <test-method is-config="true" signature="stop()[pri:0, instance:caseStudy.First_CS@7fcf2fc1]" started-at="2022-10-21T07:48:40Z" name="stop" finished-at="2022-10-21T07:48:55Z" duration-ms="14502" status="PASS">
          <reporter-output>
          </reporter-output>
        </test-method> <!-- stop -->
      </class> <!-- caseStudy.First_CS -->
    </test> <!-- Default test -->
  </suite> <!-- Default suite -->
</testng-results>
